<?xml version="1.0" encoding="UTF-8"?>
<!-- Generated by org.testng.reporters.JUnitReportReporter -->
<testsuite hostname="CHNMCT637524L" failures="0" tests="2" name="sample_maven_project.FirstDemo" time="33.548" errors="0" timestamp="2024-10-10T15:14:37 IST" skipped="1">
  <testcase classname="sample_maven_project.FirstDemo" name="test" time="33.548"/>
  <system-out/>
  <testcase classname="sample_maven_project.FirstDemo" name="test2">
    <skipped/>
  </testcase> <!-- test2 -->
  <system-out/>
</testsuite> <!-- sample_maven_project.FirstDemo -->
