<?xml version="1.0" encoding="UTF-8"?>
<!-- Generated by org.testng.reporters.JUnitReportReporter -->
<testsuite hostname="CHNMCT637524L" failures="0" tests="11" name="com.infy.pages.TestPages" time="87.627" errors="0" timestamp="2025-04-08T11:56:57 IST" skipped="0">
  <testcase classname="com.infy.pages.TestPages" name="loginApplication" time="17.635"/>
  <system-out>
    <![CDATA[page displayed]]>
  </system-out>
  <testcase classname="com.infy.pages.TestPages" name="textBox" time="7.782"/>
  <system-out/>
  <testcase classname="com.infy.pages.TestPages" name="calender" time="7.968"/>
  <system-out/>
  <testcase classname="com.infy.pages.TestPages" name="dragAndDrop" time="10.630"/>
  <system-out/>
  <testcase classname="com.infy.pages.TestPages" name="checkBox" time="7.830"/>
  <system-out/>
  <testcase classname="com.infy.pages.TestPages" name="mouseover" time="3.452"/>
  <system-out/>
  <testcase classname="com.infy.pages.TestPages" name="uploadFile" time="6.527"/>
  <system-out/>
  <testcase classname="com.infy.pages.TestPages" name="frame" time="5.430"/>
  <system-out/>
  <testcase classname="com.infy.pages.TestPages" name="dropDown" time="4.415"/>
  <system-out/>
  <testcase classname="com.infy.pages.TestPages" name="doubleClick" time="3.467"/>
  <system-out/>
  <testcase classname="com.infy.pages.TestPages" name="form" time="12.491"/>
  <system-out/>
</testsuite> <!-- com.infy.pages.TestPages -->
