<?xml version="1.0" encoding="UTF-8"?>
<!-- Generated by org.testng.reporters.JUnitReportReporter -->
<testsuite hostname="CHNMCT637524L" failures="0" tests="2" name="com.infy.pages.OrangeHRM" time="64.954" errors="0" timestamp="2024-11-04T11:35:22 IST" skipped="0">
  <testcase classname="com.infy.pages.OrangeHRM" name="loginApplication" time="11.807"/>
  <system-out>
    <![CDATA[page displayed]]>
  </system-out>
  <testcase classname="com.infy.pages.OrangeHRM" name="enterDetails" time="53.147"/>
  <system-out/>
</testsuite> <!-- com.infy.pages.OrangeHRM -->
